<?xml version='1.0' encoding='UTF-8'?>
<testsuite hostname="PHYADAVI-M-V0HT" name="ReadAndWriteTestSpec" tests="9" errors="0" failures="0" skipped="0" time="11.769" timestamp="2019-04-27T16:20:14">
                     <properties>
[...]
</properties>
                     <testcase classname="ReadAndWriteTestSpec" name="creating data frame from parquet file" time="8.333">
                                                 
                                               </testcase><testcase classname="ReadAndWriteTestSpec" name="Reading files of different format using readParquetFile should throw an exception" time="0.492">
                                                 
                                               </testcase><testcase classname="ReadAndWriteTestSpec" name="creating data frame from text file" time="0.661">
                                                 
                                               </testcase><testcase classname="ReadAndWriteTestSpec" name="counts should match with number of records in a text file" time="1.14">
                                                 
                                               </testcase><testcase classname="ReadAndWriteTestSpec" name="data should match with sample records in a text file" time="0.387">
                                                 
                                               </testcase><testcase classname="ReadAndWriteTestSpec" name="Write a data frame as csv file" time="0.554">
                                                 
                                               </testcase><testcase classname="ReadAndWriteTestSpec" name="Reading files of different format using readTextfileToDataSet should throw an exception" time="0.111">
                                                 
                                               </testcase><testcase classname="ReadAndWriteTestSpec" name="Reading an invalid file location using readTextfileToDataSet should throw an exception" time="0.04">
                                                 
                                               </testcase><testcase classname="ReadAndWriteTestSpec" name="Reading an invalid file location using readParquetFile should throw an exception" time="0.051">
                                                 
                                               </testcase>
                     <system-out><![CDATA[]]></system-out>
                     <system-err><![CDATA[]]></system-err>
                   </testsuite>